{
  "stats": {
    "suites": 3,
    "tests": 3,
    "passes": 3,
    "pending": 0,
    "failures": 0,
    "start": "2023-04-11T00:48:49.494Z",
    "end": "2023-04-11T00:49:56.079Z",
    "duration": 66585,
    "testsRegistered": 3,
    "passPercent": 100,
    "pendingPercent": 0,
    "other": 0,
    "hasOther": false,
    "skipped": 0,
    "hasSkipped": false
  },
  "results": [
    {
      "uuid": "ff7bd11e-d82e-47eb-acd8-41bf5777fa1e",
      "title": "",
      "fullFile": "",
      "file": "",
      "beforeHooks": [],
      "afterHooks": [],
      "tests": [],
      "suites": [
        {
          "uuid": "ddf16d87-8ace-4121-b03c-fbe9f5c24f3d",
          "title": "Create User",
          "fullFile": "C:\\Users\\erick\\Desktop\\Desafio Tinnova QA\\steps\\create_user_test.js",
          "file": "\\steps\\create_user_test.js",
          "beforeHooks": [
            {
              "title": "\"before all\" hook: codeceptjs.beforeSuite in \"Create User\"",
              "fullTitle": "Create User \"before all\" hook: codeceptjs.beforeSuite in \"Create User\"",
              "timedOut": false,
              "duration": 4130,
              "state": null,
              "speed": null,
              "pass": false,
              "fail": false,
              "pending": false,
              "context": null,
              "code": "scenario.suiteSetup(suite)",
              "err": {},
              "uuid": "26a03a21-5aa7-4063-b027-bb7f91b37377",
              "parentUUID": "ddf16d87-8ace-4121-b03c-fbe9f5c24f3d",
              "isHook": true,
              "skipped": false
            },
            {
              "title": "\"before each\" hook: codeceptjs.before in \"Create User\"",
              "fullTitle": "Create User \"before each\" hook: codeceptjs.before in \"Create User\"",
              "timedOut": false,
              "duration": 1936,
              "state": null,
              "speed": null,
              "pass": false,
              "fail": false,
              "pending": false,
              "context": null,
              "code": "scenario.setup(suite)",
              "err": {},
              "uuid": "10da6057-939c-4382-b2aa-3a95aef588ea",
              "parentUUID": "ddf16d87-8ace-4121-b03c-fbe9f5c24f3d",
              "isHook": true,
              "skipped": false
            }
          ],
          "afterHooks": [
            {
              "title": "\"after all\" hook: codeceptjs.afterSuite in \"Create User\"",
              "fullTitle": "Create User \"after all\" hook: codeceptjs.afterSuite in \"Create User\"",
              "timedOut": false,
              "duration": 1,
              "state": null,
              "speed": null,
              "pass": false,
              "fail": false,
              "pending": false,
              "context": null,
              "code": "scenario.suiteTeardown(suite)",
              "err": {},
              "uuid": "4ea6cde9-38a5-431a-9cd4-692dd8898824",
              "parentUUID": "ddf16d87-8ace-4121-b03c-fbe9f5c24f3d",
              "isHook": true,
              "skipped": false
            },
            {
              "title": "\"after each\" hook: finalize codeceptjs in \"Create User\"",
              "fullTitle": "Create User \"after each\" hook: finalize codeceptjs in \"Create User\"",
              "timedOut": false,
              "duration": 81,
              "state": null,
              "speed": null,
              "pass": false,
              "fail": false,
              "pending": false,
              "context": null,
              "code": "scenario.teardown(suite)",
              "err": {},
              "uuid": "eb7b02ad-2bc8-47d3-ad24-ae89b5321672",
              "parentUUID": "ddf16d87-8ace-4121-b03c-fbe9f5c24f3d",
              "isHook": true,
              "skipped": false
            }
          ],
          "tests": [
            {
              "title": "test something",
              "fullTitle": "Create User: test something",
              "timedOut": false,
              "duration": 11511,
              "state": "passed",
              "speed": "slow",
              "pass": true,
              "fail": false,
              "pending": false,
              "context": null,
              "code": "//Home\n    I.amOnPage('/');\n    //Entrar\n    home_page.entrarNaPagina();\n    //Criando Novo Usuário\n    home_page.adicionarNovoUser();\n    var title = await I.grabTitle();\n    validacao.equal(title, 'React App');\n    create_user_page.criandoUsuarioComSucesso();\n    home_page.guardarUsuario();\n    //Validação do Cadastro\n    validacao_cadastro_com_sucesso_page.entrarNaPagina();\n    validacao_cadastro_com_sucesso_page.voltarPagina();",
              "err": {},
              "uuid": "5d3a2140-f353-49b5-85a5-1ffe290901f3",
              "parentUUID": "ddf16d87-8ace-4121-b03c-fbe9f5c24f3d",
              "isHook": false,
              "skipped": false
            }
          ],
          "suites": [],
          "passes": [
            "5d3a2140-f353-49b5-85a5-1ffe290901f3"
          ],
          "failures": [],
          "pending": [],
          "skipped": [],
          "duration": 11511,
          "root": false,
          "rootEmpty": false,
          "_timeout": 0
        },
        {
          "uuid": "a57e4b7f-44e2-43e7-b32c-cd9efc73a6c0",
          "title": "Delete User",
          "fullFile": "C:\\Users\\erick\\Desktop\\Desafio Tinnova QA\\steps\\delete_user_test.js",
          "file": "\\steps\\delete_user_test.js",
          "beforeHooks": [
            {
              "title": "\"before all\" hook: codeceptjs.beforeSuite in \"Delete User\"",
              "fullTitle": "Delete User \"before all\" hook: codeceptjs.beforeSuite in \"Delete User\"",
              "timedOut": false,
              "duration": 0,
              "state": null,
              "speed": null,
              "pass": false,
              "fail": false,
              "pending": false,
              "context": null,
              "code": "scenario.suiteSetup(suite)",
              "err": {},
              "uuid": "0f8fa9b9-a695-4d4c-8710-dbe17ff06627",
              "parentUUID": "a57e4b7f-44e2-43e7-b32c-cd9efc73a6c0",
              "isHook": true,
              "skipped": false
            },
            {
              "title": "\"before each\" hook: codeceptjs.before in \"Delete User\"",
              "fullTitle": "Delete User \"before each\" hook: codeceptjs.before in \"Delete User\"",
              "timedOut": false,
              "duration": 1796,
              "state": null,
              "speed": null,
              "pass": false,
              "fail": false,
              "pending": false,
              "context": null,
              "code": "scenario.setup(suite)",
              "err": {},
              "uuid": "e9dbb46e-79ab-4c6b-a754-1ac49547777e",
              "parentUUID": "a57e4b7f-44e2-43e7-b32c-cd9efc73a6c0",
              "isHook": true,
              "skipped": false
            }
          ],
          "afterHooks": [
            {
              "title": "\"after all\" hook: codeceptjs.afterSuite in \"Delete User\"",
              "fullTitle": "Delete User \"after all\" hook: codeceptjs.afterSuite in \"Delete User\"",
              "timedOut": false,
              "duration": 0,
              "state": null,
              "speed": null,
              "pass": false,
              "fail": false,
              "pending": false,
              "context": null,
              "code": "scenario.suiteTeardown(suite)",
              "err": {},
              "uuid": "e70e1fab-89f3-4505-a572-cd76aea5dd0d",
              "parentUUID": "a57e4b7f-44e2-43e7-b32c-cd9efc73a6c0",
              "isHook": true,
              "skipped": false
            },
            {
              "title": "\"after each\" hook: finalize codeceptjs in \"Delete User\"",
              "fullTitle": "Delete User \"after each\" hook: finalize codeceptjs in \"Delete User\"",
              "timedOut": false,
              "duration": 159,
              "state": null,
              "speed": null,
              "pass": false,
              "fail": false,
              "pending": false,
              "context": null,
              "code": "scenario.teardown(suite)",
              "err": {},
              "uuid": "1f068669-219a-44fd-8dd6-5c07a56c52d3",
              "parentUUID": "a57e4b7f-44e2-43e7-b32c-cd9efc73a6c0",
              "isHook": true,
              "skipped": false
            }
          ],
          "tests": [
            {
              "title": "test something",
              "fullTitle": "Delete User: test something",
              "timedOut": false,
              "duration": 18075,
              "state": "passed",
              "speed": "slow",
              "pass": true,
              "fail": false,
              "pending": false,
              "context": null,
              "code": "//Home\n    I.amOnPage('/');\n    //Entrar\n    home_page.entrarNaPagina();\n    //Criando Novo Usuário\n    home_page.adicionarNovoUser();\n    var title = await I.grabTitle();\n    validacao.equal(title, 'React App');\n    create_user_page.criandoUsuarioComSucesso();\n    home_page.guardarUsuario();\n    //Validação do Cadastro\n    validacao_cadastro_com_sucesso_page.entrarNaPagina();\n    validacao_cadastro_com_sucesso_page.voltarPagina();\n    //Deletar Usuário com sucesso\n    delete_user_page.botaoDeletar();\n    delete_user_page.botaoConfirmarRemocao();",
              "err": {},
              "uuid": "4e59c2d4-5f1f-4220-984a-b8c06b5d1a7d",
              "parentUUID": "a57e4b7f-44e2-43e7-b32c-cd9efc73a6c0",
              "isHook": false,
              "skipped": false
            }
          ],
          "suites": [],
          "passes": [
            "4e59c2d4-5f1f-4220-984a-b8c06b5d1a7d"
          ],
          "failures": [],
          "pending": [],
          "skipped": [],
          "duration": 18075,
          "root": false,
          "rootEmpty": false,
          "_timeout": 0
        },
        {
          "uuid": "f3edc9f5-1870-48d8-9425-5e5c9012c69a",
          "title": "Edit User",
          "fullFile": "C:\\Users\\erick\\Desktop\\Desafio Tinnova QA\\steps\\edit_user_test.js",
          "file": "\\steps\\edit_user_test.js",
          "beforeHooks": [
            {
              "title": "\"before all\" hook: codeceptjs.beforeSuite in \"Edit User\"",
              "fullTitle": "Edit User \"before all\" hook: codeceptjs.beforeSuite in \"Edit User\"",
              "timedOut": false,
              "duration": 0,
              "state": null,
              "speed": null,
              "pass": false,
              "fail": false,
              "pending": false,
              "context": null,
              "code": "scenario.suiteSetup(suite)",
              "err": {},
              "uuid": "d3fafa24-cbc2-4554-b971-bb4dd31b04fe",
              "parentUUID": "f3edc9f5-1870-48d8-9425-5e5c9012c69a",
              "isHook": true,
              "skipped": false
            },
            {
              "title": "\"before each\" hook: codeceptjs.before in \"Edit User\"",
              "fullTitle": "Edit User \"before each\" hook: codeceptjs.before in \"Edit User\"",
              "timedOut": false,
              "duration": 1825,
              "state": null,
              "speed": null,
              "pass": false,
              "fail": false,
              "pending": false,
              "context": null,
              "code": "scenario.setup(suite)",
              "err": {},
              "uuid": "c93acaf5-f395-4d26-a056-cb44664f6334",
              "parentUUID": "f3edc9f5-1870-48d8-9425-5e5c9012c69a",
              "isHook": true,
              "skipped": false
            }
          ],
          "afterHooks": [
            {
              "title": "\"after all\" hook: codeceptjs.afterSuite in \"Edit User\"",
              "fullTitle": "Edit User \"after all\" hook: codeceptjs.afterSuite in \"Edit User\"",
              "timedOut": false,
              "duration": 1,
              "state": null,
              "speed": null,
              "pass": false,
              "fail": false,
              "pending": false,
              "context": null,
              "code": "scenario.suiteTeardown(suite)",
              "err": {},
              "uuid": "253aab21-9736-4c8c-88e5-7ac255d43152",
              "parentUUID": "f3edc9f5-1870-48d8-9425-5e5c9012c69a",
              "isHook": true,
              "skipped": false
            },
            {
              "title": "\"after each\" hook: finalize codeceptjs in \"Edit User\"",
              "fullTitle": "Edit User \"after each\" hook: finalize codeceptjs in \"Edit User\"",
              "timedOut": false,
              "duration": 67,
              "state": null,
              "speed": null,
              "pass": false,
              "fail": false,
              "pending": false,
              "context": null,
              "code": "scenario.teardown(suite)",
              "err": {},
              "uuid": "62131709-950a-4d9b-a72d-8e4e1b56784a",
              "parentUUID": "f3edc9f5-1870-48d8-9425-5e5c9012c69a",
              "isHook": true,
              "skipped": false
            }
          ],
          "tests": [
            {
              "title": "test something",
              "fullTitle": "Edit User: test something",
              "timedOut": false,
              "duration": 26987,
              "state": "passed",
              "speed": "slow",
              "pass": true,
              "fail": false,
              "pending": false,
              "context": null,
              "code": "//Home\n    I.amOnPage('/');\n    //Entrar\n    home_page.entrarNaPagina();\n    I.wait(2);\n    //Criando Novo Usuário\n    home_page.adicionarNovoUser();\n    var title = await I.grabTitle();\n    validacao.equal(title, 'React App');\n    create_user_page.criandoUsuarioComSucesso();\n    home_page.guardarUsuario();\n    //Acessar Página para Editar Cadastro\n    home_page.botaoEditar();\n    //Editando Usuário\n    edit_user_page.editandoInformacoesDoUsuario();\n    validacao_editar_cadastro_com_sucesso_page.atualizarCadastro();",
              "err": {},
              "uuid": "b0d51b89-88b1-4da2-9bb2-6cd8ed13e30b",
              "parentUUID": "f3edc9f5-1870-48d8-9425-5e5c9012c69a",
              "isHook": false,
              "skipped": false
            }
          ],
          "suites": [],
          "passes": [
            "b0d51b89-88b1-4da2-9bb2-6cd8ed13e30b"
          ],
          "failures": [],
          "pending": [],
          "skipped": [],
          "duration": 26987,
          "root": false,
          "rootEmpty": false,
          "_timeout": 0
        }
      ],
      "passes": [],
      "failures": [],
      "pending": [],
      "skipped": [],
      "duration": 0,
      "root": true,
      "rootEmpty": true,
      "_timeout": 0
    }
  ],
  "meta": {
    "mocha": {
      "version": "10.2.0"
    },
    "mochawesome": {
      "options": {
        "quiet": false,
        "reportFilename": "mochawesome",
        "saveHtml": true,
        "saveJson": true,
        "consoleReporter": "spec",
        "useInlineDiffs": false,
        "code": true
      },
      "version": "7.1.3"
    },
    "marge": {
      "options": {},
      "version": "6.2.0"
    }
  }
}